Assignments/Lab/Lab 07 - Dec 10 2020 Thursday/app/build/intermediates/manifest_merge_blame_file/debug/manifest-merger-blame-debug-report.txt
1<?xml version="1.0" encoding="utf-8"?>
2<manifest xmlns:android="http://schemas.android.com/apk/res/android"
3    package="com.app.droidcafe"
4    android:versionCode="1"
5    android:versionName="1.0" >
6
7    <uses-sdk
8        android:minSdkVersion="23"
8-->src\main\AndroidManifest.xml
9        android:targetSdkVersion="29" />
9-->src\main\AndroidManifest.xml
10
11    <application
11-->src\main\AndroidManifest.xml:5:5-29:19
12        android:allowBackup="true"
12-->src\main\AndroidManifest.xml:6:9-35
13        android:appComponentFactory="androidx.core.app.CoreComponentFactory"
13-->[androidx.core:core:1.1.0] AndroidManifest.xml:24:18-86
14        android:debuggable="true"
15        android:extractNativeLibs="false"
16        android:icon="@mipmap/ic_launcher"
16-->src\main\AndroidManifest.xml:7:9-43
17        android:label="@string/app_name"
17-->src\main\AndroidManifest.xml:8:9-41
18        android:roundIcon="@mipmap/ic_launcher_round"
18-->src\main\AndroidManifest.xml:9:9-54
19        android:supportsRtl="true"
19-->src\main\AndroidManifest.xml:10:9-35
20        android:testOnly="true"
21        android:theme="@style/AppTheme" >
21-->src\main\AndroidManifest.xml:11:9-40
22        <activity
22-->src\main\AndroidManifest.xml:12:9-18:20
23            android:name="com.app.droidcafe.OrderActivity"
23-->src\main\AndroidManifest.xml:12:19-48
24            android:label="@string/app_name"
24-->src\main\AndroidManifest.xml:13:13-47
25            android:parentActivityName="com.app.droidcafe.MainActivity" >
25-->src\main\AndroidManifest.xml:14:13-55
26            <meta-data
26-->src\main\AndroidManifest.xml:15:13-17:66
27                android:name="android.support.PARENT_ACTIVITY"
27-->src\main\AndroidManifest.xml:16:17-63
28                android:value="com.app.droidcafe.MainActivity" />
28-->src\main\AndroidManifest.xml:17:17-63
29        </activity>
30        <activity
30-->src\main\AndroidManifest.xml:19:9-28:20
31            android:name="com.app.droidcafe.MainActivity"
31-->src\main\AndroidManifest.xml:20:13-41
32            android:label="@string/app_name"
32-->src\main\AndroidManifest.xml:21:13-45
33            android:theme="@style/AppTheme.NoActionBar" >
33-->src\main\AndroidManifest.xml:22:13-56
34            <intent-filter>
34-->src\main\AndroidManifest.xml:23:13-27:29
35                <action android:name="android.intent.action.MAIN" />
35-->src\main\AndroidManifest.xml:24:17-69
35-->src\main\AndroidManifest.xml:24:25-66
36
37                <category android:name="android.intent.category.LAUNCHER" />
37-->src\main\AndroidManifest.xml:26:17-77
37-->src\main\AndroidManifest.xml:26:27-74
38            </intent-filter>
39        </activity>
40    </application>
41
42</manifest>